\BOOKMARK [0][-]{chapter*.2}{Gesamtdokumentation}{}% 1
\BOOKMARK [1][-]{section.0.1}{Selbstst\344ndigkeitserkl\344rung}{chapter*.2}% 2
\BOOKMARK [0][-]{chapter.1}{Zusammenfassung}{}% 3
\BOOKMARK [1][-]{section.1.1}{Kurzbeschreibung}{chapter.1}% 4
\BOOKMARK [1][-]{section.1.2}{Projektergebnis}{chapter.1}% 5
\BOOKMARK [0][-]{chapter.2}{Pflichtenheft}{}% 6
\BOOKMARK [1][-]{section.2.1}{Funktionale Anforderungen}{chapter.2}% 7
\BOOKMARK [2][-]{subsection.2.1.1}{Definitionen}{section.2.1}% 8
\BOOKMARK [2][-]{subsection.2.1.2}{Supplierungssystem}{section.2.1}% 9
\BOOKMARK [2][-]{subsection.2.1.3}{News}{section.2.1}% 10
\BOOKMARK [2][-]{subsection.2.1.4}{Monitorsystem}{section.2.1}% 11
\BOOKMARK [2][-]{subsection.2.1.5}{Authentifizierung}{section.2.1}% 12
\BOOKMARK [2][-]{subsection.2.1.6}{Eingabe}{section.2.1}% 13
\BOOKMARK [1][-]{section.2.2}{Schnittstellen}{chapter.2}% 14
\BOOKMARK [1][-]{section.2.3}{Abnahmekriterien}{chapter.2}% 15
\BOOKMARK [1][-]{section.2.4}{Dokumentationsanforderungen}{chapter.2}% 16
\BOOKMARK [1][-]{section.2.5}{Qualit\344tsstandards}{chapter.2}% 17
\BOOKMARK [1][-]{section.2.6}{Prozessmodell}{chapter.2}% 18
\BOOKMARK [0][-]{chapter.3}{Systemdokumentation}{}% 19
\BOOKMARK [1][-]{section.3.1}{Technologien}{chapter.3}% 20
\BOOKMARK [2][-]{subsection.3.1.1}{HTTP \(Weiland\)}{section.3.1}% 21
\BOOKMARK [3][-]{subsubsection.3.1.1.1}{Verbindungsvorgang}{subsection.3.1.1}% 22
\BOOKMARK [3][-]{subsubsection.3.1.1.2}{Statuscodes}{subsection.3.1.1}% 23
\BOOKMARK [3][-]{subsubsection.3.1.1.3}{Versionen}{subsection.3.1.1}% 24
\BOOKMARK [2][-]{subsection.3.1.2}{HTTPS \(Weiland\)}{section.3.1}% 25
\BOOKMARK [2][-]{subsection.3.1.3}{Serverseitige Technologien}{section.3.1}% 26
\BOOKMARK [3][-]{subsubsection.3.1.3.1}{PHP \(Handle\)}{subsection.3.1.3}% 27
\BOOKMARK [3][-]{subsubsection.3.1.3.2}{MySQL \(Handle\)}{subsection.3.1.3}% 28
\BOOKMARK [3][-]{subsubsection.3.1.3.3}{Datenbank-Design \(Buchberger\)}{subsection.3.1.3}% 29
\BOOKMARK [3][-]{subsubsection.3.1.3.4}{LDAP \(Buchberger\)}{subsection.3.1.3}% 30
\BOOKMARK [2][-]{subsection.3.1.4}{Clientseitige Technologien}{section.3.1}% 31
\BOOKMARK [3][-]{subsubsection.3.1.4.1}{HTML \(Weiland\)}{subsection.3.1.4}% 32
\BOOKMARK [3][-]{subsubsection.3.1.4.2}{Javascript \(Klotz\)}{subsection.3.1.4}% 33
\BOOKMARK [3][-]{subsubsection.3.1.4.3}{AJAX \(Buchberger\)}{subsection.3.1.4}% 34
\BOOKMARK [2][-]{subsection.3.1.5}{Mobil App \(Klotz\)}{section.3.1}% 35
\BOOKMARK [3][-]{subsubsection.3.1.5.1}{PhoneGap}{subsection.3.1.5}% 36
\BOOKMARK [3][-]{subsubsection.3.1.5.2}{iOS}{subsection.3.1.5}% 37
\BOOKMARK [3][-]{subsubsection.3.1.5.3}{Android}{subsection.3.1.5}% 38
\BOOKMARK [3][-]{subsubsection.3.1.5.4}{Windows Phone}{subsection.3.1.5}% 39
\BOOKMARK [3][-]{subsubsection.3.1.5.5}{Sonstiges}{subsection.3.1.5}% 40
\BOOKMARK [1][-]{section.3.2}{L\366sungswege}{chapter.3}% 41
\BOOKMARK [2][-]{subsection.3.2.1}{PHP}{section.3.2}% 42
\BOOKMARK [3][-]{subsubsection.3.2.1.1}{Gew\344hlte L\366sung}{subsection.3.2.1}% 43
\BOOKMARK [3][-]{subsubsection.3.2.1.2}{Alternative L\366sung}{subsection.3.2.1}% 44
\BOOKMARK [2][-]{subsection.3.2.2}{MySQL}{section.3.2}% 45
\BOOKMARK [3][-]{subsubsection.3.2.2.1}{Gew\344hlte L\366sung}{subsection.3.2.2}% 46
\BOOKMARK [3][-]{subsubsection.3.2.2.2}{Alternative L\366sung}{subsection.3.2.2}% 47
\BOOKMARK [2][-]{subsection.3.2.3}{Datenbankdesign}{section.3.2}% 48
\BOOKMARK [3][-]{subsubsection.3.2.3.1}{Gew\344hlte L\366sung}{subsection.3.2.3}% 49
\BOOKMARK [3][-]{subsubsection.3.2.3.2}{Alternative L\366sungen}{subsection.3.2.3}% 50
\BOOKMARK [2][-]{subsection.3.2.4}{HTTPS}{section.3.2}% 51
\BOOKMARK [3][-]{subsubsection.3.2.4.1}{Gew\344hlte L\366sung}{subsection.3.2.4}% 52
\BOOKMARK [3][-]{subsubsection.3.2.4.2}{Alternative L\366sungen}{subsection.3.2.4}% 53
\BOOKMARK [2][-]{subsection.3.2.5}{Mobile App}{section.3.2}% 54
\BOOKMARK [3][-]{subsubsection.3.2.5.1}{Gew\344hlte L\366sung}{subsection.3.2.5}% 55
\BOOKMARK [3][-]{subsubsection.3.2.5.2}{Alternative L\366sung}{subsection.3.2.5}% 56
\BOOKMARK [2][-]{subsection.3.2.6}{Prinzip des Monitor-Systems}{section.3.2}% 57
\BOOKMARK [3][-]{subsubsection.3.2.6.1}{Laden der Daten}{subsection.3.2.6}% 58
\BOOKMARK [2][-]{subsection.3.2.7}{Authentifizierung der Monitore}{section.3.2}% 59
\BOOKMARK [3][-]{subsubsection.3.2.7.1}{Gew\344hlte L\366sung}{subsection.3.2.7}% 60
\BOOKMARK [3][-]{subsubsection.3.2.7.2}{Alternative L\366sungen}{subsection.3.2.7}% 61
\BOOKMARK [2][-]{subsection.3.2.8}{Benutzermanagement}{section.3.2}% 62
\BOOKMARK [3][-]{subsubsection.3.2.8.1}{eDirectory-Gruppen}{subsection.3.2.8}% 63
\BOOKMARK [3][-]{subsubsection.3.2.8.2}{Verwendung}{subsection.3.2.8}% 64
\BOOKMARK [1][-]{section.3.3}{Grobentwurf}{chapter.3}% 65
\BOOKMARK [2][-]{subsection.3.3.1}{Dateibaum}{section.3.3}% 66
\BOOKMARK [2][-]{subsection.3.3.2}{Datenbankdesign}{section.3.3}% 67
\BOOKMARK [3][-]{subsubsection.3.3.2.1}{Monitorsystem}{subsection.3.3.2}% 68
\BOOKMARK [2][-]{subsection.3.3.3}{Monitorsystem}{section.3.3}% 69
\BOOKMARK [3][-]{subsubsection.3.3.3.1}{Grunds\344tzlicher Seiten-Aufbau}{subsection.3.3.3}% 70
\BOOKMARK [3][-]{subsubsection.3.3.3.2}{Initialisierung}{subsection.3.3.3}% 71
\BOOKMARK [3][-]{subsubsection.3.3.3.3}{Verringerung des Traffics}{subsection.3.3.3}% 72
\BOOKMARK [3][-]{subsubsection.3.3.3.4}{Multi-Modi}{subsection.3.3.3}% 73
\BOOKMARK [1][-]{section.3.4}{Feinentwurf}{chapter.3}% 74
\BOOKMARK [1][-]{section.3.5}{Implementierung}{chapter.3}% 75
\BOOKMARK [2][-]{subsection.3.5.1}{Sourcecode}{section.3.5}% 76
\BOOKMARK [2][-]{subsection.3.5.2}{Test- Und Messergebnisse}{section.3.5}% 77
\BOOKMARK [0][-]{appendix.A}{Anleitungen: Benutzer}{}% 78
\BOOKMARK [1][-]{section.A.1}{Einleitung}{appendix.A}% 79
\BOOKMARK [1][-]{section.A.2}{Stundenplan}{appendix.A}% 80
\BOOKMARK [1][-]{section.A.3}{Supplierplan}{appendix.A}% 81
\BOOKMARK [1][-]{section.A.4}{News}{appendix.A}% 82
\BOOKMARK [1][-]{section.A.5}{App}{appendix.A}% 83
\BOOKMARK [0][-]{appendix.B}{Anleitungen: Administrator}{}% 84
\BOOKMARK [1][-]{section.B.1}{Einleitung}{appendix.B}% 85
\BOOKMARK [1][-]{section.B.2}{News}{appendix.B}% 86
\BOOKMARK [2][-]{subsection.B.2.1}{News bearbeiten/hinzuf\374gen}{section.B.2}% 87
\BOOKMARK [2][-]{subsection.B.2.2}{News l\366schen}{section.B.2}% 88
\BOOKMARK [1][-]{section.B.3}{Monitore}{appendix.B}% 89
\BOOKMARK [2][-]{subsection.B.3.1}{Hinzuf\374gen}{section.B.3}% 90
\BOOKMARK [2][-]{subsection.B.3.2}{Entfernen}{section.B.3}% 91
\BOOKMARK [2][-]{subsection.B.3.3}{Text ver\344ndern}{section.B.3}% 92
\BOOKMARK [2][-]{subsection.B.3.4}{Raum ver\344ndern}{section.B.3}% 93
\BOOKMARK [2][-]{subsection.B.3.5}{Abteilung ver\344ndern}{section.B.3}% 94
\BOOKMARK [2][-]{subsection.B.3.6}{Modus ver\344ndern}{section.B.3}% 95
\BOOKMARK [2][-]{subsection.B.3.7}{Datei ver\344ndern}{section.B.3}% 96
\BOOKMARK [2][-]{subsection.B.3.8}{Display-Modus ver\344ndern}{section.B.3}% 97
\BOOKMARK [3][-]{subsubsection.B.3.8.1}{Einschalt-Zeit}{subsection.B.3.8}% 98
\BOOKMARK [3][-]{subsubsection.B.3.8.2}{Ausschalt-Zeit}{subsection.B.3.8}% 99
\BOOKMARK [1][-]{section.B.4}{Fehlende}{appendix.B}% 100
\BOOKMARK [2][-]{subsection.B.4.1}{Fehlende Lehrer}{section.B.4}% 101
\BOOKMARK [2][-]{subsection.B.4.2}{Fehlende Sch\374ler}{section.B.4}% 102
\BOOKMARK [1][-]{section.B.5}{Supplierungen}{appendix.B}% 103
\BOOKMARK [1][-]{section.B.6}{Administrative Eingaben}{appendix.B}% 104
\BOOKMARK [0][-]{appendix.C}{Begleitendes FTKL-Projekt}{}% 105
\BOOKMARK [1][-]{section.C.1}{Aufgabenstellung}{appendix.C}% 106
\BOOKMARK [1][-]{section.C.2}{Hardware}{appendix.C}% 107
\BOOKMARK [2][-]{subsection.C.2.1}{\334berlegungen}{section.C.2}% 108
\BOOKMARK [2][-]{subsection.C.2.2}{Probleme}{section.C.2}% 109
\BOOKMARK [1][-]{section.C.3}{Software}{appendix.C}% 110
\BOOKMARK [2][-]{subsection.C.3.1}{\334berlegungen}{section.C.3}% 111
\BOOKMARK [2][-]{subsection.C.3.2}{L\366sung}{section.C.3}% 112
\BOOKMARK [3][-]{subsubsection.C.3.2.1}{\334berlegungen}{subsection.C.3.2}% 113
\BOOKMARK [3][-]{subsubsection.C.3.2.2}{Darstellung}{subsection.C.3.2}% 114
\BOOKMARK [3][-]{subsubsection.C.3.2.3}{GPIO}{subsection.C.3.2}% 115
\BOOKMARK [3][-]{subsubsection.C.3.2.4}{Verteilung}{subsection.C.3.2}% 116
\BOOKMARK [2][-]{subsection.C.3.3}{Probleme}{section.C.3}% 117
\BOOKMARK [1][-]{section.C.4}{Fazit}{appendix.C}% 118
\BOOKMARK [1][-]{section.C.5}{Anh\344nge}{appendix.C}% 119
\BOOKMARK [2][-]{subsection.C.5.1}{Codes}{section.C.5}% 120
\BOOKMARK [0][-]{appendix.D}{Buchberger}{}% 121
\BOOKMARK [1][-]{section.D.1}{Zusammenfassung}{appendix.D}% 122
\BOOKMARK [1][-]{section.D.2}{Projekterfahrung}{appendix.D}% 123
\BOOKMARK [1][-]{section.D.3}{Verfahrensanweisung}{appendix.D}% 124
\BOOKMARK [0][-]{appendix.E}{Handle}{}% 125
\BOOKMARK [1][-]{section.E.1}{Zusammenfassung}{appendix.E}% 126
\BOOKMARK [1][-]{section.E.2}{Projekterfahrung}{appendix.E}% 127
\BOOKMARK [1][-]{section.E.3}{Verfahrensanweisung}{appendix.E}% 128
\BOOKMARK [0][-]{appendix.F}{Klotz}{}% 129
\BOOKMARK [1][-]{section.F.1}{Zusammenfassung}{appendix.F}% 130
\BOOKMARK [1][-]{section.F.2}{Projekterfahrung}{appendix.F}% 131
\BOOKMARK [1][-]{section.F.3}{Verfahrensanweisung}{appendix.F}% 132
\BOOKMARK [0][-]{appendix.G}{Weiland}{}% 133
\BOOKMARK [1][-]{section.G.1}{Zusammenfassung}{appendix.G}% 134
\BOOKMARK [1][-]{section.G.2}{Projekterfahrung}{appendix.G}% 135
\BOOKMARK [1][-]{section.G.3}{Verfahrensanweisung}{appendix.G}% 136
\BOOKMARK [0][-]{appendix.H}{Anhang: Projektplanung}{}% 137
\BOOKMARK [1][-]{section.H.1}{Terminplanung}{appendix.H}% 138
\BOOKMARK [1][-]{section.H.2}{Personalplanung}{appendix.H}% 139
\BOOKMARK [2][-]{subsection.H.2.1}{Kostenplanung}{section.H.2}% 140
\BOOKMARK [2][-]{subsection.H.2.2}{Arbeitsnachweis}{section.H.2}% 141
